current directory: /home/runner/Pebsi/.bundle/ruby/2.7.0/gems/rbnacl-libsodium-1.0.16/ext/rbnacl
/nix/store/yfmnyvd0asw5bs24lg611xn2gi4prqla-ruby-2.7.4/bin/ruby -I /nix/store/yfmnyvd0asw5bs24lg611xn2gi4prqla-ruby-2.7.4/lib/ruby/2.7.0 -r ./siteconf20220810-1591-1k2x2l.rb extconf.rb
 -- sh -c "./configure --prefix=/home/runner/Pebsi/.bundle/ruby/2.7.0/gems/rbnacl-libsodium-1.0.16/vendor/libsodium/dist "
checking build system type... x86_64-pc-linux-gnu
checking host system type... x86_64-pc-linux-gnu
checking for a BSD-compatible install... /nix/store/1570w56jrkvr90w9x158vyb5vahnk18v-coreutils-8.32/bin/install -c
checking whether build environment is sane... yes
checking for a thread-safe mkdir -p... /nix/store/1570w56jrkvr90w9x158vyb5vahnk18v-coreutils-8.32/bin/mkdir -p
checking for gawk... gawk
checking whether make sets $(MAKE)... yes
checking whether make supports nested variables... yes
checking whether UID '1000' is supported by ustar format... yes
checking whether GID '1000' is supported by ustar format... yes
checking how to create a ustar tar archive... gnutar
checking whether make supports nested variables... (cached) yes
checking whether to enable maintainer-specific portions of Makefiles... no
checking for style of include used by make... GNU
checking for gcc... gcc
checking whether the C compiler works... yes
checking for C compiler default output file name... a.out
checking for suffix of executables... 
checking whether we are cross compiling... no
checking for suffix of object files... o
checking whether we are using the GNU C compiler... yes
checking whether gcc accepts -g... yes
checking for gcc option to accept ISO C89... none needed
checking whether gcc understands -c and -o together... yes
checking dependency style of gcc... gcc3
checking for a sed that does not truncate output... /nix/store/gm2w08wwsa3vd500d8vq879s2lv65ldh-gnused-4.8/bin/sed
checking how to run the C preprocessor... gcc -E
checking for grep that handles long lines and -e... /nix/store/v0slhpb2y3xa7gmv4q6gblkdk7n0f09j-gnugrep-3.6/bin/grep
checking for egrep... /nix/store/v0slhpb2y3xa7gmv4q6gblkdk7n0f09j-gnugrep-3.6/bin/grep -E
checking whether gcc is Clang... no
checking whether pthreads work with -pthread... yes
checking for joinable pthread attribute... PTHREAD_CREATE_JOINABLE
checking whether more special flags are required for pthreads... no
checking for PTHREAD_PRIO_INHERIT... yes
checking for gcc option to accept ISO C99... none needed
checking dependency style of gcc... gcc3
checking for ANSI C header files... yes
checking for sys/types.h... yes
checking for sys/stat.h... yes
checking for stdlib.h... yes
checking for string.h... yes
checking for memory.h... yes
checking for strings.h... yes
checking for inttypes.h... yes
checking for stdint.h... yes
checking for unistd.h... yes
checking minix/config.h usability... no
checking minix/config.h presence... no
checking for minix/config.h... no
checking whether it is safe to define __EXTENSIONS__... yes
checking for variable-length arrays... yes
checking for __native_client__ defined... no
checking for _FORTIFY_SOURCE defined... yes
checking whether C compiler accepts -fvisibility=hidden... yes
checking whether C compiler accepts -fPIC... yes
checking whether C compiler accepts -fPIE... yes
checking whether the linker accepts -pie... yes
checking whether C compiler accepts -fno-strict-aliasing... yes
checking whether C compiler accepts -fno-strict-overflow... yes
checking whether C compiler accepts -fstack-protector... yes
checking whether the linker accepts -fstack-protector... yes
checking whether C compiler accepts -g -O2 -pthread -fvisibility=hidden -fPIC -fPIE -fno-strict-aliasing -fno-strict-overflow -fstack-protector -Wall... yes
checking whether C compiler accepts -g -O2 -pthread -fvisibility=hidden -fPIC -fPIE -fno-strict-aliasing -fno-strict-overflow -fstack-protector -Wextra... yes
checking for clang... no
checking whether C compiler accepts -g -O2 -pthread -fvisibility=hidden -fPIC -fPIE -fno-strict-aliasing -fno-strict-overflow -fstack-protector -Wextra -Wbad-function-cast... yes
checking whether C compiler accepts -g -O2 -pthread -fvisibility=hidden -fPIC -fPIE -fno-strict-aliasing -fno-strict-overflow -fstack-protector -Wextra -Wbad-function-cast -Wcast-qual... yes
checking whether C compiler accepts -g -O2 -pthread -fvisibility=hidden -fPIC -fPIE -fno-strict-aliasing -fno-strict-overflow -fstack-protector -Wextra -Wbad-function-cast -Wcast-qual -Wdiv-by-zero... yes
checking whether C compiler accepts -g -O2 -pthread -fvisibility=hidden -fPIC -fPIE -fno-strict-aliasing -fno-strict-overflow -fstack-protector -Wextra -Wbad-function-cast -Wcast-qual -Wdiv-by-zero -Wduplicated-branches... yes
checking whether C compiler accepts -g -O2 -pthread -fvisibility=hidden -fPIC -fPIE -fno-strict-aliasing -fno-strict-overflow -fstack-protector -Wextra -Wbad-function-cast -Wcast-qual -Wdiv-by-zero -Wduplicated-branches -Wduplicated-cond... yes
checking whether C compiler accepts -g -O2 -pthread -fvisibility=hidden -fPIC -fPIE -fno-strict-aliasing -fno-strict-overflow -fstack-protector -Wextra -Wbad-function-cast -Wcast-qual -Wdiv-by-zero -Wduplicated-branches -Wduplicated-cond -Wfloat-equal... yes
checking whether C compiler accepts -g -O2 -pthread -fvisibility=hidden -fPIC -fPIE -fno-strict-aliasing -fno-strict-overflow -fstack-protector -Wextra -Wbad-function-cast -Wcast-qual -Wdiv-by-zero -Wduplicated-branches -Wduplicated-cond -Wfloat-equal -Wformat=2... yes
checking whether C compiler accepts -g -O2 -pthread -fvisibility=hidden -fPIC -fPIE -fno-strict-aliasing -fno-strict-overflow -fstack-protector -Wextra -Wbad-function-cast -Wcast-qual -Wdiv-by-zero -Wduplicated-branches -Wduplicated-cond -Wfloat-equal -Wformat=2 -Wlogical-op... yes
checking whether C compiler accepts -g -O2 -pthread -fvisibility=hidden -fPIC -fPIE -fno-strict-aliasing -fno-strict-overflow -fstack-protector -Wextra -Wbad-function-cast -Wcast-qual -Wdiv-by-zero -Wduplicated-branches -Wduplicated-cond -Wfloat-equal -Wformat=2 -Wlogical-op -Wmaybe-uninitialized... yes
checking whether C compiler accepts -g -O2 -pthread -fvisibility=hidden -fPIC -fPIE -fno-strict-aliasing -fno-strict-overflow -fstack-protector -Wextra -Wbad-function-cast -Wcast-qual -Wdiv-by-zero -Wduplicated-branches -Wduplicated-cond -Wfloat-equal -Wformat=2 -Wlogical-op -Wmaybe-uninitialized -Wmisleading-indentation... yes
checking whether C compiler accepts -g -O2 -pthread -fvisibility=hidden -fPIC -fPIE -fno-strict-aliasing -fno-strict-overflow -fstack-protector -Wextra -Wbad-function-cast -Wcast-qual -Wdiv-by-zero -Wduplicated-branches -Wduplicated-cond -Wfloat-equal -Wformat=2 -Wlogical-op -Wmaybe-uninitialized -Wmisleading-indentation -Wmissing-declarations... yes
checking whether C compiler accepts -g -O2 -pthread -fvisibility=hidden -fPIC -fPIE -fno-strict-aliasing -fno-strict-overflow -fstack-protector -Wextra -Wbad-function-cast -Wcast-qual -Wdiv-by-zero -Wduplicated-branches -Wduplicated-cond -Wfloat-equal -Wformat=2 -Wlogical-op -Wmaybe-uninitialized -Wmisleading-indentation -Wmissing-declarations -Wmissing-prototypes... yes
checking whether C compiler accepts -g -O2 -pthread -fvisibility=hidden -fPIC -fPIE -fno-strict-aliasing -fno-strict-overflow -fstack-protector -Wextra -Wbad-function-cast -Wcast-qual -Wdiv-by-zero -Wduplicated-branches -Wduplicated-cond -Wfloat-equal -Wformat=2 -Wlogical-op -Wmaybe-uninitialized -Wmisleading-indentation -Wmissing-declarations -Wmissing-prototypes -Wnested-externs... yes
checking whether C compiler accepts -g -O2 -pthread -fvisibility=hidden -fPIC -fPIE -fno-strict-aliasing -fno-strict-overflow -fstack-protector -Wextra -Wbad-function-cast -Wcast-qual -Wdiv-by-zero -Wduplicated-branches -Wduplicated-cond -Wfloat-equal -Wformat=2 -Wlogical-op -Wmaybe-uninitialized -Wmisleading-indentation -Wmissing-declarations -Wmissing-prototypes -Wnested-externs -Wno-type-limits... yes
checking whether C compiler accepts -g -O2 -pthread -fvisibility=hidden -fPIC -fPIE -fno-strict-aliasing -fno-strict-overflow -fstack-protector -Wextra -Wbad-function-cast -Wcast-qual -Wdiv-by-zero -Wduplicated-branches -Wduplicated-cond -Wfloat-equal -Wformat=2 -Wlogical-op -Wmaybe-uninitialized -Wmisleading-indentation -Wmissing-declarations -Wmissing-prototypes -Wnested-externs -Wno-type-limits -Wno-unknown-pragmas... yes
checking whether C compiler accepts -g -O2 -pthread -fvisibility=hidden -fPIC -fPIE -fno-strict-aliasing -fno-strict-overflow -fstack-protector -Wextra -Wbad-function-cast -Wcast-qual -Wdiv-by-zero -Wduplicated-branches -Wduplicated-cond -Wfloat-equal -Wformat=2 -Wlogical-op -Wmaybe-uninitialized -Wmisleading-indentation -Wmissing-declarations -Wmissing-prototypes -Wnested-externs -Wno-type-limits -Wno-unknown-pragmas -Wnormalized=id... yes
checking whether C compiler accepts -g -O2 -pthread -fvisibility=hidden -fPIC -fPIE -fno-strict-aliasing -fno-strict-overflow -fstack-protector -Wextra -Wbad-function-cast -Wcast-qual -Wdiv-by-zero -Wduplicated-branches -Wduplicated-cond -Wfloat-equal -Wformat=2 -Wlogical-op -Wmaybe-uninitialized -Wmisleading-indentation -Wmissing-declarations -Wmissing-prototypes -Wnested-externs -Wno-type-limits -Wno-unknown-pragmas -Wnormalized=id -Wnull-dereference... yes
checking whether C compiler accepts -g -O2 -pthread -fvisibility=hidden -fPIC -fPIE -fno-strict-aliasing -fno-strict-overflow -fstack-protector -Wextra -Wbad-function-cast -Wcast-qual -Wdiv-by-zero -Wduplicated-branches -Wduplicated-cond -Wfloat-equal -Wformat=2 -Wlogical-op -Wmaybe-uninitialized -Wmisleading-indentation -Wmissing-declarations -Wmissing-prototypes -Wnested-externs -Wno-type-limits -Wno-unknown-pragmas -Wnormalized=id -Wnull-dereference -Wold-style-declaration... yes
checking whether C compiler accepts -g -O2 -pthread -fvisibility=hidden -fPIC -fPIE -fno-strict-aliasing -fno-strict-overflow -fstack-protector -Wextra -Wbad-function-cast -Wcast-qual -Wdiv-by-zero -Wduplicated-branches -Wduplicated-cond -Wfloat-equal -Wformat=2 -Wlogical-op -Wmaybe-uninitialized -Wmisleading-indentation -Wmissing-declarations -Wmissing-prototypes -Wnested-externs -Wno-type-limits -Wno-unknown-pragmas -Wnormalized=id -Wnull-dereference -Wold-style-declaration -Wpointer-arith... yes
checking whether C compiler accepts -g -O2 -pthread -fvisibility=hidden -fPIC -fPIE -fno-strict-aliasing -fno-strict-overflow -fstack-protector -Wextra -Wbad-function-cast -Wcast-qual -Wdiv-by-zero -Wduplicated-branches -Wduplicated-cond -Wfloat-equal -Wformat=2 -Wlogical-op -Wmaybe-uninitialized -Wmisleading-indentation -Wmissing-declarations -Wmissing-prototypes -Wnested-externs -Wno-type-limits -Wno-unknown-pragmas -Wnormalized=id -Wnull-dereference -Wold-style-declaration -Wpointer-arith -Wredundant-decls... yes
checking whether C compiler accepts -g -O2 -pthread -fvisibility=hidden -fPIC -fPIE -fno-strict-aliasing -fno-strict-overflow -fstack-protector -Wextra -Wbad-function-cast -Wcast-qual -Wdiv-by-zero -Wduplicated-branches -Wduplicated-cond -Wfloat-equal -Wformat=2 -Wlogical-op -Wmaybe-uninitialized -Wmisleading-indentation -Wmissing-declarations -Wmissing-prototypes -Wnested-externs -Wno-type-limits -Wno-unknown-pragmas -Wnormalized=id -Wnull-dereference -Wold-style-declaration -Wpointer-arith -Wredundant-decls -Wrestrict... yes
checking whether C compiler accepts -g -O2 -pthread -fvisibility=hidden -fPIC -fPIE -fno-strict-aliasing -fno-strict-overflow -fstack-protector -Wextra -Wbad-function-cast -Wcast-qual -Wdiv-by-zero -Wduplicated-branches -Wduplicated-cond -Wfloat-equal -Wformat=2 -Wlogical-op -Wmaybe-uninitialized -Wmisleading-indentation -Wmissing-declarations -Wmissing-prototypes -Wnested-externs -Wno-type-limits -Wno-unknown-pragmas -Wnormalized=id -Wnull-dereference -Wold-style-declaration -Wpointer-arith -Wredundant-decls -Wrestrict -Wshorten-64-to-32... no
checking whether C compiler accepts -g -O2 -pthread -fvisibility=hidden -fPIC -fPIE -fno-strict-aliasing -fno-strict-overflow -fstack-protector -Wextra -Wbad-function-cast -Wcast-qual -Wdiv-by-zero -Wduplicated-branches -Wduplicated-cond -Wfloat-equal -Wformat=2 -Wlogical-op -Wmaybe-uninitialized -Wmisleading-indentation -Wmissing-declarations -Wmissing-prototypes -Wnested-externs -Wno-type-limits -Wno-unknown-pragmas -Wnormalized=id -Wnull-dereference -Wold-style-declaration -Wpointer-arith -Wredundant-decls -Wrestrict -Wsometimes-uninitialized... no
checking whether C compiler accepts -g -O2 -pthread -fvisibility=hidden -fPIC -fPIE -fno-strict-aliasing -fno-strict-overflow -fstack-protector -Wextra -Wbad-function-cast -Wcast-qual -Wdiv-by-zero -Wduplicated-branches -Wduplicated-cond -Wfloat-equal -Wformat=2 -Wlogical-op -Wmaybe-uninitialized -Wmisleading-indentation -Wmissing-declarations -Wmissing-prototypes -Wnested-externs -Wno-type-limits -Wno-unknown-pragmas -Wnormalized=id -Wnull-dereference -Wold-style-declaration -Wpointer-arith -Wredundant-decls -Wrestrict -Wstrict-prototypes... yes
checking whether C compiler accepts -g -O2 -pthread -fvisibility=hidden -fPIC -fPIE -fno-strict-aliasing -fno-strict-overflow -fstack-protector -Wextra -Wbad-function-cast -Wcast-qual -Wdiv-by-zero -Wduplicated-branches -Wduplicated-cond -Wfloat-equal -Wformat=2 -Wlogical-op -Wmaybe-uninitialized -Wmisleading-indentation -Wmissing-declarations -Wmissing-prototypes -Wnested-externs -Wno-type-limits -Wno-unknown-pragmas -Wnormalized=id -Wnull-dereference -Wold-style-declaration -Wpointer-arith -Wredundant-decls -Wrestrict -Wstrict-prototypes -Wswitch-enum... yes
checking whether C compiler accepts -g -O2 -pthread -fvisibility=hidden -fPIC -fPIE -fno-strict-aliasing -fno-strict-overflow -fstack-protector -Wextra -Wbad-function-cast -Wcast-qual -Wdiv-by-zero -Wduplicated-branches -Wduplicated-cond -Wfloat-equal -Wformat=2 -Wlogical-op -Wmaybe-uninitialized -Wmisleading-indentation -Wmissing-declarations -Wmissing-prototypes -Wnested-externs -Wno-type-limits -Wno-unknown-pragmas -Wnormalized=id -Wnull-dereference -Wold-style-declaration -Wpointer-arith -Wredundant-decls -Wrestrict -Wstrict-prototypes -Wswitch-enum -Wvariable-decl... no
checking whether C compiler accepts -g -O2 -pthread -fvisibility=hidden -fPIC -fPIE -fno-strict-aliasing -fno-strict-overflow -fstack-protector -Wextra -Wbad-function-cast -Wcast-qual -Wdiv-by-zero -Wduplicated-branches -Wduplicated-cond -Wfloat-equal -Wformat=2 -Wlogical-op -Wmaybe-uninitialized -Wmisleading-indentation -Wmissing-declarations -Wmissing-prototypes -Wnested-externs -Wno-type-limits -Wno-unknown-pragmas -Wnormalized=id -Wnull-dereference -Wold-style-declaration -Wpointer-arith -Wredundant-decls -Wrestrict -Wstrict-prototypes -Wswitch-enum -Wwrite-strings... yes
checking whether the linker accepts -Wl,-z,relro... yes
checking whether the linker accepts -Wl,-z,now... yes
checking whether the linker accepts -Wl,-z,noexecstack... yes
checking for a broken clang + AVX512 combination... no
checking whether segmentation violations can be caught when using the C compiler... yes
checking whether SIGABRT can be caught when using the C compiler... yes
checking for thread local storage (TLS) class... _Thread_local
thread local storage is supported
checking how to print strings... printf
checking for a sed that does not truncate output... (cached) /nix/store/gm2w08wwsa3vd500d8vq879s2lv65ldh-gnused-4.8/bin/sed
checking for fgrep... /nix/store/v0slhpb2y3xa7gmv4q6gblkdk7n0f09j-gnugrep-3.6/bin/grep -F
checking for ld used by gcc... ld
checking if the linker (ld) is GNU ld... yes
checking for BSD- or MS-compatible name lister (nm)... nm
checking the name lister (nm) interface... BSD nm
checking whether ln -s works... yes
checking the maximum length of command line arguments... 1572864
checking how to convert x86_64-pc-linux-gnu file names to x86_64-pc-linux-gnu format... func_convert_file_noop
checking how to convert x86_64-pc-linux-gnu file names to toolchain format... func_convert_file_noop
checking for ld option to reload object files... -r
checking for objdump... objdump
checking how to recognize dependent libraries... pass_all
checking for dlltool... no
checking how to associate runtime and link libraries... printf %s\n
checking for archiver @FILE support... @
checking for strip... strip
checking for ranlib... ranlib
checking command to parse nm output from gcc object... ok
checking for sysroot... no
checking for a working dd... /nix/store/1570w56jrkvr90w9x158vyb5vahnk18v-coreutils-8.32/bin/dd
checking how to truncate binary pipes... /nix/store/1570w56jrkvr90w9x158vyb5vahnk18v-coreutils-8.32/bin/dd bs=4096 count=1
./configure: line 11276: /usr/bin/file: No such file or directory
checking for mt... no
checking if : is a manifest tool... no
checking for dlfcn.h... yes
checking for objdir... .libs
checking if gcc supports -fno-rtti -fno-exceptions... no
checking for gcc option to produce PIC... -fPIC -DPIC
checking if gcc PIC flag -fPIC -DPIC works... yes
checking if gcc static flag -static works... no
checking if gcc supports -c -o file.o... yes
checking if gcc supports -c -o file.o... (cached) yes
checking whether the gcc linker (ld) supports shared libraries... yes
checking whether -lc should be explicitly linked in... no
checking dynamic linker characteristics... GNU/Linux ld.so
checking how to hardcode library paths into programs... immediate
checking whether stripping libraries is possible... yes
checking if libtool supports shared libraries... yes
checking whether to build shared libraries... yes
checking whether to build static libraries... yes
checking for ar... ar
checking whether C compiler accepts -mmmx... yes
checking for MMX instructions set... yes
checking whether C compiler accepts -mmmx... (cached) yes
checking whether C compiler accepts -msse2... yes
checking for SSE2 instructions set... yes
checking whether C compiler accepts -msse2... (cached) yes
checking whether C compiler accepts -msse3... yes
checking for SSE3 instructions set... yes
checking whether C compiler accepts -msse3... (cached) yes
checking whether C compiler accepts -mssse3... yes
checking for SSSE3 instructions set... yes
checking whether C compiler accepts -mssse3... (cached) yes
checking whether C compiler accepts -msse4.1... yes
checking for SSE4.1 instructions set... yes
checking whether C compiler accepts -msse4.1... (cached) yes
checking whether C compiler accepts -mavx... yes
checking for AVX instructions set... yes
checking whether C compiler accepts -mavx... (cached) yes
checking whether C compiler accepts -mavx2... yes
checking for AVX2 instructions set... yes
checking whether C compiler accepts -mavx2... (cached) yes
checking if _mm256_broadcastsi128_si256 is correctly defined... yes
checking whether C compiler accepts -mavx512f... yes
checking for AVX512F instructions set... yes
checking whether C compiler accepts -mavx512f... (cached) yes
checking whether C compiler accepts -maes... yes
checking whether C compiler accepts -mpclmul... yes
checking for AESNI instructions set and PCLMULQDQ... yes
checking whether C compiler accepts -maes... (cached) yes
checking whether C compiler accepts -mpclmul... (cached) yes
checking whether C compiler accepts -mrdrnd... yes
checking for RDRAND... yes
checking whether C compiler accepts -mrdrnd... (cached) yes
checking sys/mman.h usability... yes
checking sys/mman.h presence... yes
checking for sys/mman.h... yes
checking intrin.h usability... no
checking intrin.h presence... no
checking for intrin.h... no
checking if _xgetbv() is available... no
checking for inline... inline
checking whether byte ordering is bigendian... (cached) no
checking whether __STDC_LIMIT_MACROS is required... no
checking whether we can use x86_64 asm code... yes
checking whether we can assemble AVX opcodes... yes
checking for 128-bit arithmetic... yes
checking for cpuid instruction... yes
checking if the .private_extern asm directive is supported... no
checking if the .hidden asm directive is supported... yes
checking if weak symbols are supported... yes
checking if data alignment is required... no
checking if atomic operations are supported... yes
checking for size_t... yes
checking for working alloca.h... yes
checking for alloca... yes
checking for arc4random... no
checking for arc4random_buf... no
checking for mmap... yes
checking for mlock... yes
checking for madvise... yes
checking for mprotect... yes
checking for memset_s... no
checking for explicit_bzero... yes
checking for nanosleep... yes
checking for posix_memalign... yes
checking for getpid... yes
checking if gcc/ld supports -Wl,--output-def... no
checking that generated files are newer than configure... done
configure: creating ./config.status
config.status: creating Makefile
config.status: creating builds/Makefile
config.status: creating contrib/Makefile
config.status: creating dist-build/Makefile
config.status: creating libsodium.pc
config.status: creating libsodium-uninstalled.pc
config.status: creating msvc-scripts/Makefile
config.status: creating src/Makefile
config.status: creating src/libsodium/Makefile
config.status: creating src/libsodium/include/Makefile
config.status: creating src/libsodium/include/sodium/version.h
config.status: creating test/default/Makefile
config.status: creating test/Makefile
config.status: executing depfiles commands
config.status: executing libtool commands
 -- make
Making all in builds
make[1]: Entering directory '/home/runner/Pebsi/.bundle/ruby/2.7.0/gems/rbnacl-libsodium-1.0.16/vendor/libsodium/builds'
make[1]: Nothing to be done for 'all'.
make[1]: Leaving directory '/home/runner/Pebsi/.bundle/ruby/2.7.0/gems/rbnacl-libsodium-1.0.16/vendor/libsodium/builds'
Making all in contrib
make[1]: Entering directory '/home/runner/Pebsi/.bundle/ruby/2.7.0/gems/rbnacl-libsodium-1.0.16/vendor/libsodium/contrib'
make[1]: Nothing to be done for 'all'.
make[1]: Leaving directory '/home/runner/Pebsi/.bundle/ruby/2.7.0/gems/rbnacl-libsodium-1.0.16/vendor/libsodium/contrib'
Making all in dist-build
make[1]: Entering directory '/home/runner/Pebsi/.bundle/ruby/2.7.0/gems/rbnacl-libsodium-1.0.16/vendor/libsodium/dist-build'
make[1]: Nothing to be done for 'all'.
make[1]: Leaving directory '/home/runner/Pebsi/.bundle/ruby/2.7.0/gems/rbnacl-libsodium-1.0.16/vendor/libsodium/dist-build'
Making all in msvc-scripts
make[1]: Entering directory '/home/runner/Pebsi/.bundle/ruby/2.7.0/gems/rbnacl-libsodium-1.0.16/vendor/libsodium/msvc-scripts'
make[1]: Nothing to be done for 'all'.
make[1]: Leaving directory '/home/runner/Pebsi/.bundle/ruby/2.7.0/gems/rbnacl-libsodium-1.0.16/vendor/libsodium/msvc-scripts'
Making all in src
make[1]: Entering directory '/home/runner/Pebsi/.bundle/ruby/2.7.0/gems/rbnacl-libsodium-1.0.16/vendor/libsodium/src'
Making all in libsodium
make[2]: Entering directory '/home/runner/Pebsi/.bundle/ruby/2.7.0/gems/rbnacl-libsodium-1.0.16/vendor/libsodium/src/libsodium'
Making all in include
make[3]: Entering directory '/home/runner/Pebsi/.bundle/ruby/2.7.0/gems/rbnacl-libsodium-1.0.16/vendor/libsodium/src/libsodium/include'
make[3]: Nothing to be done for 'all'.
make[3]: Leaving directory '/home/runner/Pebsi/.bundle/ruby/2.7.0/gems/rbnacl-libsodium-1.0.16/vendor/libsodium/src/libsodium/include'
make[3]: Entering directory '/home/runner/Pebsi/.bundle/ruby/2.7.0/gems/rbnacl-libsodium-1.0.16/vendor/libsodium/src/libsodium'
  CC       crypto_aead/chacha20poly1305/sodium/libsodium_la-aead_chacha20poly1305.lo
  CC       crypto_aead/xchacha20poly1305/sodium/libsodium_la-aead_xchacha20poly1305.lo
  CC       crypto_auth/libsodium_la-crypto_auth.lo
  CC       crypto_auth/hmacsha256/libsodium_la-auth_hmacsha256.lo
  CC       crypto_auth/hmacsha512/libsodium_la-auth_hmacsha512.lo
  CC       crypto_auth/hmacsha512256/libsodium_la-auth_hmacsha512256.lo
  CC       crypto_box/libsodium_la-crypto_box.lo
  CC       crypto_box/libsodium_la-crypto_box_easy.lo
  CC       crypto_box/libsodium_la-crypto_box_seal.lo
  CC       crypto_box/curve25519xsalsa20poly1305/libsodium_la-box_curve25519xsalsa20poly1305.lo
  CC       crypto_core/ed25519/ref10/libsodium_la-ed25519_ref10.lo
  CC       crypto_core/hchacha20/libsodium_la-core_hchacha20.lo
  CC       crypto_core/hsalsa20/ref2/libsodium_la-core_hsalsa20_ref2.lo
  CC       crypto_core/hsalsa20/libsodium_la-core_hsalsa20.lo
  CC       crypto_core/salsa/ref/libsodium_la-core_salsa_ref.lo
  CC       crypto_generichash/libsodium_la-crypto_generichash.lo
  CC       crypto_generichash/blake2b/libsodium_la-generichash_blake2.lo
  CC       crypto_generichash/blake2b/ref/libsodium_la-blake2b-compress-ref.lo
  CC       crypto_generichash/blake2b/ref/libsodium_la-blake2b-ref.lo
  CC       crypto_generichash/blake2b/ref/libsodium_la-generichash_blake2b.lo
  CC       crypto_hash/libsodium_la-crypto_hash.lo
  CC       crypto_hash/sha256/libsodium_la-hash_sha256.lo
  CC       crypto_hash/sha256/cp/libsodium_la-hash_sha256_cp.lo
  CC       crypto_hash/sha512/libsodium_la-hash_sha512.lo
  CC       crypto_hash/sha512/cp/libsodium_la-hash_sha512_cp.lo
  CC       crypto_kdf/blake2b/libsodium_la-kdf_blake2b.lo
  CC       crypto_kdf/libsodium_la-crypto_kdf.lo
  CC       crypto_kx/libsodium_la-crypto_kx.lo
  CC       crypto_onetimeauth/libsodium_la-crypto_onetimeauth.lo
  CC       crypto_onetimeauth/poly1305/libsodium_la-onetimeauth_poly1305.lo
  CC       crypto_onetimeauth/poly1305/donna/libsodium_la-poly1305_donna.lo
  CC       crypto_pwhash/argon2/libsodium_la-argon2-core.lo
  CC       crypto_pwhash/argon2/libsodium_la-argon2-encoding.lo
  CC       crypto_pwhash/argon2/libsodium_la-argon2-fill-block-ref.lo
  CC       crypto_pwhash/argon2/libsodium_la-argon2.lo
  CC       crypto_pwhash/argon2/libsodium_la-blake2b-long.lo
  CC       crypto_pwhash/argon2/libsodium_la-pwhash_argon2i.lo
  CC       crypto_pwhash/argon2/libsodium_la-pwhash_argon2id.lo
  CC       crypto_pwhash/libsodium_la-crypto_pwhash.lo
  CC       crypto_scalarmult/libsodium_la-crypto_scalarmult.lo
  CC       crypto_scalarmult/curve25519/ref10/libsodium_la-x25519_ref10.lo
  CC       crypto_scalarmult/curve25519/libsodium_la-scalarmult_curve25519.lo
  CC       crypto_secretbox/libsodium_la-crypto_secretbox.lo
  CC       crypto_secretbox/libsodium_la-crypto_secretbox_easy.lo
  CC       crypto_secretbox/xsalsa20poly1305/libsodium_la-secretbox_xsalsa20poly1305.lo
  CC       crypto_secretstream/xchacha20poly1305/libsodium_la-secretstream_xchacha20poly1305.lo
  CC       crypto_shorthash/libsodium_la-crypto_shorthash.lo
  CC       crypto_shorthash/siphash24/libsodium_la-shorthash_siphash24.lo
  CC       crypto_shorthash/siphash24/ref/libsodium_la-shorthash_siphash24_ref.lo
  CC       crypto_sign/libsodium_la-crypto_sign.lo
  CC       crypto_sign/ed25519/libsodium_la-sign_ed25519.lo
  CC       crypto_sign/ed25519/ref10/libsodium_la-keypair.lo
  CC       crypto_sign/ed25519/ref10/libsodium_la-open.lo
  CC       crypto_sign/ed25519/ref10/libsodium_la-sign.lo
  CC       crypto_stream/chacha20/libsodium_la-stream_chacha20.lo
  CC       crypto_stream/chacha20/ref/libsodium_la-chacha20_ref.lo
  CC       crypto_stream/libsodium_la-crypto_stream.lo
  CC       crypto_stream/salsa20/libsodium_la-stream_salsa20.lo
  CC       crypto_stream/xsalsa20/libsodium_la-stream_xsalsa20.lo
  CC       crypto_verify/sodium/libsodium_la-verify.lo
  CC       randombytes/libsodium_la-randombytes.lo
  CC       sodium/libsodium_la-codecs.lo
  CC       sodium/libsodium_la-core.lo
  CC       sodium/libsodium_la-runtime.lo
  CC       sodium/libsodium_la-utils.lo
  CC       sodium/libsodium_la-version.lo
  CPPAS    crypto_stream/salsa20/xmm6/libsodium_la-salsa20_xmm6-asm.lo
  CC       crypto_stream/salsa20/xmm6/libsodium_la-salsa20_xmm6.lo
  CC       crypto_scalarmult/curve25519/sandy2x/libsodium_la-curve25519_sandy2x.lo
  CC       crypto_scalarmult/curve25519/sandy2x/libsodium_la-fe51_invert.lo
  CC       crypto_scalarmult/curve25519/sandy2x/libsodium_la-fe_frombytes_sandy2x.lo
  CPPAS    crypto_scalarmult/curve25519/sandy2x/libsodium_la-sandy2x.lo
  CC       crypto_box/curve25519xchacha20poly1305/libsodium_la-box_curve25519xchacha20poly1305.lo
  CC       crypto_box/curve25519xchacha20poly1305/libsodium_la-box_seal_curve25519xchacha20poly1305.lo
  CC       crypto_core/ed25519/libsodium_la-core_ed25519.lo
  CC       crypto_pwhash/scryptsalsa208sha256/libsodium_la-crypto_scrypt-common.lo
  CC       crypto_pwhash/scryptsalsa208sha256/libsodium_la-scrypt_platform.lo
  CC       crypto_pwhash/scryptsalsa208sha256/libsodium_la-pbkdf2-sha256.lo
  CC       crypto_pwhash/scryptsalsa208sha256/libsodium_la-pwhash_scryptsalsa208sha256.lo
  CC       crypto_pwhash/scryptsalsa208sha256/nosse/libsodium_la-pwhash_scryptsalsa208sha256_nosse.lo
  CC       crypto_scalarmult/ed25519/ref10/libsodium_la-scalarmult_ed25519_ref10.lo
  CC       crypto_secretbox/xchacha20poly1305/libsodium_la-secretbox_xchacha20poly1305.lo
  CC       crypto_shorthash/siphash24/libsodium_la-shorthash_siphashx24.lo
  CC       crypto_shorthash/siphash24/ref/libsodium_la-shorthash_siphashx24_ref.lo
  CC       crypto_sign/ed25519/ref10/libsodium_la-obsolete.lo
  CC       crypto_stream/salsa2012/ref/libsodium_la-stream_salsa2012_ref.lo
  CC       crypto_stream/salsa2012/libsodium_la-stream_salsa2012.lo
  CC       crypto_stream/salsa208/ref/libsodium_la-stream_salsa208_ref.lo
  CC       crypto_stream/salsa208/libsodium_la-stream_salsa208.lo
  CC       crypto_stream/xchacha20/libsodium_la-stream_xchacha20.lo
  CC       randombytes/sysrandom/libsodium_la-randombytes_sysrandom.lo
  CC       crypto_aead/aes256gcm/aesni/libaesni_la-aead_aes256gcm_aesni.lo
  CCLD     libaesni.la
libtool: warning: '-version-info/-version-number' is ignored for convenience libraries
ar: `u' modifier ignored since `D' is the default (see `U')
  CC       crypto_onetimeauth/poly1305/sse2/libsse2_la-poly1305_sse2.lo
  CC       crypto_pwhash/scryptsalsa208sha256/sse/libsse2_la-pwhash_scryptsalsa208sha256_sse.lo
  CCLD     libsse2.la
libtool: warning: '-version-info/-version-number' is ignored for convenience libraries
ar: `u' modifier ignored since `D' is the default (see `U')
  CC       crypto_generichash/blake2b/ref/libssse3_la-blake2b-compress-ssse3.lo
  CC       crypto_pwhash/argon2/libssse3_la-argon2-fill-block-ssse3.lo
  CC       crypto_stream/chacha20/dolbeau/libssse3_la-chacha20_dolbeau-ssse3.lo
  CCLD     libssse3.la
libtool: warning: '-version-info/-version-number' is ignored for convenience libraries
ar: `u' modifier ignored since `D' is the default (see `U')
  CC       crypto_generichash/blake2b/ref/libsse41_la-blake2b-compress-sse41.lo
  CCLD     libsse41.la
libtool: warning: '-version-info/-version-number' is ignored for convenience libraries
ar: `u' modifier ignored since `D' is the default (see `U')
  CC       crypto_generichash/blake2b/ref/libavx2_la-blake2b-compress-avx2.lo
  CC       crypto_pwhash/argon2/libavx2_la-argon2-fill-block-avx2.lo
  CC       crypto_stream/chacha20/dolbeau/libavx2_la-chacha20_dolbeau-avx2.lo
  CC       crypto_stream/salsa20/xmm6int/libavx2_la-salsa20_xmm6int-avx2.lo
  CCLD     libavx2.la
libtool: warning: '-version-info/-version-number' is ignored for convenience libraries
ar: `u' modifier ignored since `D' is the default (see `U')
  CC       crypto_pwhash/argon2/libavx512f_la-argon2-fill-block-avx512f.lo
  CCLD     libavx512f.la
libtool: warning: '-version-info/-version-number' is ignored for convenience libraries
ar: `u' modifier ignored since `D' is the default (see `U')
  CC       randombytes/salsa20/librdrand_la-randombytes_salsa20_random.lo
  CCLD     librdrand.la
libtool: warning: '-version-info/-version-number' is ignored for convenience libraries
ar: `u' modifier ignored since `D' is the default (see `U')
  CCLD     libsodium.la
ar: `u' modifier ignored since `D' is the default (see `U')
make[3]: Leaving directory '/home/runner/Pebsi/.bundle/ruby/2.7.0/gems/rbnacl-libsodium-1.0.16/vendor/libsodium/src/libsodium'
make[2]: Leaving directory '/home/runner/Pebsi/.bundle/ruby/2.7.0/gems/rbnacl-libsodium-1.0.16/vendor/libsodium/src/libsodium'
make[2]: Entering directory '/home/runner/Pebsi/.bundle/ruby/2.7.0/gems/rbnacl-libsodium-1.0.16/vendor/libsodium/src'
make[2]: Nothing to be done for 'all-am'.
make[2]: Leaving directory '/home/runner/Pebsi/.bundle/ruby/2.7.0/gems/rbnacl-libsodium-1.0.16/vendor/libsodium/src'
make[1]: Leaving directory '/home/runner/Pebsi/.bundle/ruby/2.7.0/gems/rbnacl-libsodium-1.0.16/vendor/libsodium/src'
Making all in test
make[1]: Entering directory '/home/runner/Pebsi/.bundle/ruby/2.7.0/gems/rbnacl-libsodium-1.0.16/vendor/libsodium/test'
Making all in default
make[2]: Entering directory '/home/runner/Pebsi/.bundle/ruby/2.7.0/gems/rbnacl-libsodium-1.0.16/vendor/libsodium/test/default'
make[2]: Nothing to be done for 'all'.
make[2]: Leaving directory '/home/runner/Pebsi/.bundle/ruby/2.7.0/gems/rbnacl-libsodium-1.0.16/vendor/libsodium/test/default'
make[2]: Entering directory '/home/runner/Pebsi/.bundle/ruby/2.7.0/gems/rbnacl-libsodium-1.0.16/vendor/libsodium/test'
make[2]: Nothing to be done for 'all-am'.
make[2]: Leaving directory '/home/runner/Pebsi/.bundle/ruby/2.7.0/gems/rbnacl-libsodium-1.0.16/vendor/libsodium/test'
make[1]: Leaving directory '/home/runner/Pebsi/.bundle/ruby/2.7.0/gems/rbnacl-libsodium-1.0.16/vendor/libsodium/test'
make[1]: Entering directory '/home/runner/Pebsi/.bundle/ruby/2.7.0/gems/rbnacl-libsodium-1.0.16/vendor/libsodium'
make[1]: Nothing to be done for 'all-am'.
make[1]: Leaving directory '/home/runner/Pebsi/.bundle/ruby/2.7.0/gems/rbnacl-libsodium-1.0.16/vendor/libsodium'
 -- make install
Making install in builds
make[1]: Entering directory '/home/runner/Pebsi/.bundle/ruby/2.7.0/gems/rbnacl-libsodium-1.0.16/vendor/libsodium/builds'
make[2]: Entering directory '/home/runner/Pebsi/.bundle/ruby/2.7.0/gems/rbnacl-libsodium-1.0.16/vendor/libsodium/builds'
make[2]: Nothing to be done for 'install-exec-am'.
make[2]: Nothing to be done for 'install-data-am'.
make[2]: Leaving directory '/home/runner/Pebsi/.bundle/ruby/2.7.0/gems/rbnacl-libsodium-1.0.16/vendor/libsodium/builds'
make[1]: Leaving directory '/home/runner/Pebsi/.bundle/ruby/2.7.0/gems/rbnacl-libsodium-1.0.16/vendor/libsodium/builds'
Making install in contrib
make[1]: Entering directory '/home/runner/Pebsi/.bundle/ruby/2.7.0/gems/rbnacl-libsodium-1.0.16/vendor/libsodium/contrib'
make[2]: Entering directory '/home/runner/Pebsi/.bundle/ruby/2.7.0/gems/rbnacl-libsodium-1.0.16/vendor/libsodium/contrib'
make[2]: Nothing to be done for 'install-exec-am'.
make[2]: Nothing to be done for 'install-data-am'.
make[2]: Leaving directory '/home/runner/Pebsi/.bundle/ruby/2.7.0/gems/rbnacl-libsodium-1.0.16/vendor/libsodium/contrib'
make[1]: Leaving directory '/home/runner/Pebsi/.bundle/ruby/2.7.0/gems/rbnacl-libsodium-1.0.16/vendor/libsodium/contrib'
Making install in dist-build
make[1]: Entering directory '/home/runner/Pebsi/.bundle/ruby/2.7.0/gems/rbnacl-libsodium-1.0.16/vendor/libsodium/dist-build'
make[2]: Entering directory '/home/runner/Pebsi/.bundle/ruby/2.7.0/gems/rbnacl-libsodium-1.0.16/vendor/libsodium/dist-build'
make[2]: Nothing to be done for 'install-exec-am'.
make[2]: Nothing to be done for 'install-data-am'.
make[2]: Leaving directory '/home/runner/Pebsi/.bundle/ruby/2.7.0/gems/rbnacl-libsodium-1.0.16/vendor/libsodium/dist-build'
make[1]: Leaving directory '/home/runner/Pebsi/.bundle/ruby/2.7.0/gems/rbnacl-libsodium-1.0.16/vendor/libsodium/dist-build'
Making install in msvc-scripts
make[1]: Entering directory '/home/runner/Pebsi/.bundle/ruby/2.7.0/gems/rbnacl-libsodium-1.0.16/vendor/libsodium/msvc-scripts'
make[2]: Entering directory '/home/runner/Pebsi/.bundle/ruby/2.7.0/gems/rbnacl-libsodium-1.0.16/vendor/libsodium/msvc-scripts'
make[2]: Nothing to be done for 'install-exec-am'.
make[2]: Nothing to be done for 'install-data-am'.
make[2]: Leaving directory '/home/runner/Pebsi/.bundle/ruby/2.7.0/gems/rbnacl-libsodium-1.0.16/vendor/libsodium/msvc-scripts'
make[1]: Leaving directory '/home/runner/Pebsi/.bundle/ruby/2.7.0/gems/rbnacl-libsodium-1.0.16/vendor/libsodium/msvc-scripts'
Making install in src
make[1]: Entering directory '/home/runner/Pebsi/.bundle/ruby/2.7.0/gems/rbnacl-libsodium-1.0.16/vendor/libsodium/src'
Making install in libsodium
make[2]: Entering directory '/home/runner/Pebsi/.bundle/ruby/2.7.0/gems/rbnacl-libsodium-1.0.16/vendor/libsodium/src/libsodium'
Making install in include
make[3]: Entering directory '/home/runner/Pebsi/.bundle/ruby/2.7.0/gems/rbnacl-libsodium-1.0.16/vendor/libsodium/src/libsodium/include'
make[4]: Entering directory '/home/runner/Pebsi/.bundle/ruby/2.7.0/gems/rbnacl-libsodium-1.0.16/vendor/libsodium/src/libsodium/include'
make[4]: Nothing to be done for 'install-exec-am'.
 /nix/store/1570w56jrkvr90w9x158vyb5vahnk18v-coreutils-8.32/bin/mkdir -p '/home/runner/Pebsi/.bundle/ruby/2.7.0/gems/rbnacl-libsodium-1.0.16/vendor/libsodium/dist/include'
 /nix/store/1570w56jrkvr90w9x158vyb5vahnk18v-coreutils-8.32/bin/mkdir -p '/home/runner/Pebsi/.bundle/ruby/2.7.0/gems/rbnacl-libsodium-1.0.16/vendor/libsodium/dist/include/sodium'
 /nix/store/1570w56jrkvr90w9x158vyb5vahnk18v-coreutils-8.32/bin/install -c -m 644  sodium/core.h sodium/crypto_aead_aes256gcm.h sodium/crypto_aead_chacha20poly1305.h sodium/crypto_aead_xchacha20poly1305.h sodium/crypto_auth.h sodium/crypto_auth_hmacsha256.h sodium/crypto_auth_hmacsha512.h sodium/crypto_auth_hmacsha512256.h sodium/crypto_box.h sodium/crypto_box_curve25519xchacha20poly1305.h sodium/crypto_box_curve25519xsalsa20poly1305.h sodium/crypto_core_ed25519.h sodium/crypto_core_hchacha20.h sodium/crypto_core_hsalsa20.h sodium/crypto_core_salsa20.h sodium/crypto_core_salsa2012.h sodium/crypto_core_salsa208.h sodium/crypto_generichash.h sodium/crypto_generichash_blake2b.h sodium/crypto_hash.h sodium/crypto_hash_sha256.h sodium/crypto_hash_sha512.h sodium/crypto_kdf.h sodium/crypto_kdf_blake2b.h sodium/crypto_kx.h sodium/crypto_onetimeauth.h sodium/crypto_onetimeauth_poly1305.h sodium/crypto_pwhash.h sodium/crypto_pwhash_argon2i.h sodium/crypto_pwhash_argon2id.h sodium/crypto_pwhash_scryptsalsa208sha256.h sodium/crypto_scalarmult.h sodium/crypto_scalarmult_curve25519.h sodium/crypto_scalarmult_ed25519.h sodium/crypto_secretbox.h sodium/crypto_secretbox_xchacha20poly1305.h sodium/crypto_secretbox_xsalsa20poly1305.h sodium/crypto_secretstream_xchacha20poly1305.h sodium/crypto_shorthash.h sodium/crypto_shorthash_siphash24.h '/home/runner/Pebsi/.bundle/ruby/2.7.0/gems/rbnacl-libsodium-1.0.16/vendor/libsodium/dist/include/sodium'
 /nix/store/1570w56jrkvr90w9x158vyb5vahnk18v-coreutils-8.32/bin/mkdir -p '/home/runner/Pebsi/.bundle/ruby/2.7.0/gems/rbnacl-libsodium-1.0.16/vendor/libsodium/dist/include/sodium'
 /nix/store/1570w56jrkvr90w9x158vyb5vahnk18v-coreutils-8.32/bin/install -c -m 644  sodium/crypto_sign.h sodium/crypto_sign_ed25519.h sodium/crypto_sign_edwards25519sha512batch.h sodium/crypto_stream.h sodium/crypto_stream_chacha20.h sodium/crypto_stream_salsa20.h sodium/crypto_stream_salsa2012.h sodium/crypto_stream_salsa208.h sodium/crypto_stream_xchacha20.h sodium/crypto_stream_xsalsa20.h sodium/crypto_verify_16.h sodium/crypto_verify_32.h sodium/crypto_verify_64.h sodium/export.h sodium/randombytes.h sodium/randombytes_salsa20_random.h sodium/randombytes_sysrandom.h sodium/runtime.h sodium/utils.h '/home/runner/Pebsi/.bundle/ruby/2.7.0/gems/rbnacl-libsodium-1.0.16/vendor/libsodium/dist/include/sodium'
 /nix/store/1570w56jrkvr90w9x158vyb5vahnk18v-coreutils-8.32/bin/install -c -m 644  sodium.h '/home/runner/Pebsi/.bundle/ruby/2.7.0/gems/rbnacl-libsodium-1.0.16/vendor/libsodium/dist/include/.'
 /nix/store/1570w56jrkvr90w9x158vyb5vahnk18v-coreutils-8.32/bin/mkdir -p '/home/runner/Pebsi/.bundle/ruby/2.7.0/gems/rbnacl-libsodium-1.0.16/vendor/libsodium/dist/include'
 /nix/store/1570w56jrkvr90w9x158vyb5vahnk18v-coreutils-8.32/bin/mkdir -p '/home/runner/Pebsi/.bundle/ruby/2.7.0/gems/rbnacl-libsodium-1.0.16/vendor/libsodium/dist/include/sodium'
 /nix/store/1570w56jrkvr90w9x158vyb5vahnk18v-coreutils-8.32/bin/install -c -m 644  sodium/version.h '/home/runner/Pebsi/.bundle/ruby/2.7.0/gems/rbnacl-libsodium-1.0.16/vendor/libsodium/dist/include/sodium'
make[4]: Leaving directory '/home/runner/Pebsi/.bundle/ruby/2.7.0/gems/rbnacl-libsodium-1.0.16/vendor/libsodium/src/libsodium/include'
make[3]: Leaving directory '/home/runner/Pebsi/.bundle/ruby/2.7.0/gems/rbnacl-libsodium-1.0.16/vendor/libsodium/src/libsodium/include'
make[3]: Entering directory '/home/runner/Pebsi/.bundle/ruby/2.7.0/gems/rbnacl-libsodium-1.0.16/vendor/libsodium/src/libsodium'
make[4]: Entering directory '/home/runner/Pebsi/.bundle/ruby/2.7.0/gems/rbnacl-libsodium-1.0.16/vendor/libsodium/src/libsodium'
 /nix/store/1570w56jrkvr90w9x158vyb5vahnk18v-coreutils-8.32/bin/mkdir -p '/home/runner/Pebsi/.bundle/ruby/2.7.0/gems/rbnacl-libsodium-1.0.16/vendor/libsodium/dist/lib'
 /nix/store/dpjnjrqbgbm8a5wvi1hya01vd8wyvsq4-bash-4.4-p23/bin/bash ../../libtool   --mode=install /nix/store/1570w56jrkvr90w9x158vyb5vahnk18v-coreutils-8.32/bin/install -c   libsodium.la '/home/runner/Pebsi/.bundle/ruby/2.7.0/gems/rbnacl-libsodium-1.0.16/vendor/libsodium/dist/lib'
libtool: install: /nix/store/1570w56jrkvr90w9x158vyb5vahnk18v-coreutils-8.32/bin/install -c .libs/libsodium.so.23.1.0 /home/runner/Pebsi/.bundle/ruby/2.7.0/gems/rbnacl-libsodium-1.0.16/vendor/libsodium/dist/lib/libsodium.so.23.1.0
libtool: install: (cd /home/runner/Pebsi/.bundle/ruby/2.7.0/gems/rbnacl-libsodium-1.0.16/vendor/libsodium/dist/lib && { ln -s -f libsodium.so.23.1.0 libsodium.so.23 || { rm -f libsodium.so.23 && ln -s libsodium.so.23.1.0 libsodium.so.23; }; })
libtool: install: (cd /home/runner/Pebsi/.bundle/ruby/2.7.0/gems/rbnacl-libsodium-1.0.16/vendor/libsodium/dist/lib && { ln -s -f libsodium.so.23.1.0 libsodium.so || { rm -f libsodium.so && ln -s libsodium.so.23.1.0 libsodium.so; }; })
libtool: install: /nix/store/1570w56jrkvr90w9x158vyb5vahnk18v-coreutils-8.32/bin/install -c .libs/libsodium.lai /home/runner/Pebsi/.bundle/ruby/2.7.0/gems/rbnacl-libsodium-1.0.16/vendor/libsodium/dist/lib/libsodium.la
libtool: install: /nix/store/1570w56jrkvr90w9x158vyb5vahnk18v-coreutils-8.32/bin/install -c .libs/libsodium.a /home/runner/Pebsi/.bundle/ruby/2.7.0/gems/rbnacl-libsodium-1.0.16/vendor/libsodium/dist/lib/libsodium.a
libtool: install: chmod 644 /home/runner/Pebsi/.bundle/ruby/2.7.0/gems/rbnacl-libsodium-1.0.16/vendor/libsodium/dist/lib/libsodium.a
libtool: install: ranlib /home/runner/Pebsi/.bundle/ruby/2.7.0/gems/rbnacl-libsodium-1.0.16/vendor/libsodium/dist/lib/libsodium.a
libtool: finish: PATH="/nix/store/w07a7k61dw5gnsyxj3kgcq3shr76jax8-bash-interactive-4.4-p23/bin:/nix/store/435paza0j48aa9vgvf6r2l12nrg4ld11-patchelf-0.12/bin:/nix/store/4xs1xyj8728yvh9y5v6ji819kwgfy2fv-gcc-wrapper-10.3.0/bin:/nix/store/dlni53myj53kx20pi4yhm7p68lw17b07-gcc-10.3.0/bin:/nix/store/6z35qvn00xrjvaznv9kfy8xddbbdz4gl-glibc-2.33-47-bin/bin:/nix/store/1570w56jrkvr90w9x158vyb5vahnk18v-coreutils-8.32/bin:/nix/store/29bjq5hw1qglybp1a5f3ij9gxc2fyf94-binutils-wrapper-2.35.1/bin:/nix/store/v8imx1nvyz0hgvx9cbcmh6gp4ngw3ffj-binutils-2.35.1/bin:/nix/store/yfmnyvd0asw5bs24lg611xn2gi4prqla-ruby-2.7.4/bin:/nix/store/ik8gc2bwrizbwyq7nxp16g27vnqhvwkp-ruby2.7.4-solargraph-0.39.17/bin:/nix/store/f1ljr3wahpp317016wml0dlrdbpkyyar-ruby2.7.4-backport-1.2.0/bin:/nix/store/15z0xkwhgi0ygkhkkal061855rxhrspx-ruby2.7.4-benchmark-0.1.1/bin:/nix/store/gbpfgi0slnj8gz7gij9jhmmi70pj6k21-ruby2.7.4-e2mmap-0.1.0/bin:/nix/store/k6qbd3y5zwh2rk6k2jvzjy75lpbnqb1w-ruby2.7.4-jaro_winkler-1.5.4/bin:/nix/store/c45xpc2kpz9d4r35fhmz2hvk32ja9xsn-ruby2.7.4-maruku-0.7.3/bin:/nix/store/5cmk350na0gx56gdy4alm9qf8ns4chxj-ruby2.7.4-nokogiri-1.12.3/bin:/nix/store/mxi5cvj8mxchcvajgv7ychakxwkdd9cr-ruby2.7.4-mini_portile2-2.6.1/bin:/nix/store/pbl798yrqrb4wy5wvvy4yv2byv7z6xhr-ruby2.7.4-racc-1.5.2/bin:/nix/store/hp1adj9y84rm9hc6s6f3iv0n808qdbd4-ruby2.7.4-parser-2.7.2.0/bin:/nix/store/v6jqp2gk91f6crxnyr0w1g3p11abqh7p-ruby2.7.4-ast-2.4.2/bin:/nix/store/92xg92db7lr6nv8bryrl343xfpdk4hgn-ruby2.7.4-reverse_markdown-2.0.0/bin:/nix/store/vza997nwsj6wfa9w6r57jmq7s2p9pnin-ruby2.7.4-rubocop-0.93.1/bin:/nix/store/j56r0ca9z96jhrswn336cfca6agcq5hl-ruby2.7.4-parallel-1.20.1/bin:/nix/store/qlqk65z9rpc7q0y985kj7sg8bjm9z59z-ruby2.7.4-rainbow-3.0.0/bin:/nix/store/sg7mhnv1ls7vsxql88iv1kqyas75n5nn-ruby2.7.4-regexp_parser-2.1.1/bin:/nix/store/s4d2i8ndwd9ng63m4p9kla792zc2g2yb-ruby2.7.4-rexml-3.2.5/bin:/nix/store/nfxj6f98iaps7gymdajwf44nj1rh7bvf-ruby2.7.4-rubocop-ast-1.4.1/bin:/nix/store/dllcqvdahr174hqy0v0gsdn6qw7k8x5k-ruby2.7.4-ruby-progressbar-1.11.0/bin:/nix/store/jk0yx5928d2fs7vg2z83qn3f49yclwp6-ruby2.7.4-unicode-display_width-1.7.0/bin:/nix/store/bb9mkjhn0qavr829kjzmq0k4fydvk2lg-ruby2.7.4-thor-1.1.0/bin:/nix/store/7q157wrw7ba62nb5p2nx76lvcjz55h50-ruby2.7.4-tilt-2.0.10/bin:/nix/store/3ns95ypnyz9y0h259mv3gsm5q56v50ds-ruby2.7.4-yard-0.9.26/bin:/nix/store/qafisjc9d9an7v19xvg0719cx66v1b0h-rufo-0.12.0/bin:/nix/store/ihxk2vlm0vi7c4j3gpm084kbxvz6v585-findutils-4.8.0/bin:/nix/store/kjx1mv85c5cgsrr4bwar22j7hbwj834m-diffutils-3.7/bin:/nix/store/gm2w08wwsa3vd500d8vq879s2lv65ldh-gnused-4.8/bin:/nix/store/v0slhpb2y3xa7gmv4q6gblkdk7n0f09j-gnugrep-3.6/bin:/nix/store/2wn093wbc6ps4brcsppxjd14vxvaa8a2-gawk-5.1.0/bin:/nix/store/5bxrjkyvqmzn1p897652y3lwa9fxagpw-gnutar-1.34/bin:/nix/store/liva1jnjdskrn57s42kfawr2zz66szzm-gzip-1.10/bin:/nix/store/ih2zkh2mbrx2c766ryk2i9hhlkly7snr-bzip2-1.0.6.0.2-bin/bin:/nix/store/pvkiiw0mp1yx0b21b7k105yywccychgh-gnumake-4.3/bin:/nix/store/dpjnjrqbgbm8a5wvi1hya01vd8wyvsq4-bash-4.4-p23/bin:/nix/store/aicl3kwfnaizk45aygm8bviqv7lk0a16-patch-2.7.6/bin:/nix/store/7jk6k46f56rszzc1bxi8mdrvcw53pym4-xz-5.2.5-bin/bin:/nix/store/i3fzw46wdkbi180kwn5nr8jw26sadqvk-prybar-elisp-0.0.0-24a859a/bin:/nix/store/kq5wvipc7z9458hn044v563bqq65scgp-prybar-lua-0.0.0-24a859a/bin:/nix/store/yy8ap0nzbpja6ldl1p7r5m8snsdrgdjz-prybar-python3-0.0.0-24a859a/bin:/nix/store/hhfw71w8jkpr0rl1aa0a0l57zq67y5n6-prybar-sqlite-0.0.0-24a859a/bin:/nix/store/sa36acmda2150rn989yx5gg07qv82n88-prybar-tcl-0.0.0-24a859a/bin:/nix/store/hpbvrlwd5viqmvcaisb3x0118i913a9n-stderred-0.1.0/bin:/nix/store/yi5rn2y5hx3zszx7qg5iqp374by9v655-upm-0.0.0-ff7c937/bin:/nix/store/45b92gx8ykfrfw46ffgidkr82a3wc4zk-pid1-0.0.0-a46fd4a/bin:/nix/store/22jj08nss8zvbgk52ikj09ssg6rw84rv-silver-searcher-2.2.0/bin:/nix/store/d3whkb9c3znnicbj5m6g5qwa7ia60z8i-bash/bin:/nix/store/176gh50y24c0lx2bnnmsvf9wazb73php-coreutils-9.0/bin:/nix/store/zaamc32wijqka1mg8w2gr1f6bgvs7yyz-vscode-cpptools-dap-1.3.1/bin:/nix/store/ann2w0blx5vrc8mw1hwnvb37gry6ci9a-replit-python-dap-wrapper-1.0.0/bin:/nix/store/gvzyha79wkr1xazax4fd9nnbj8yp9rv6-node-dap/bin:/nix/store/lyzn4qly8k878lgfy1b399w58q4khys2-fluxbox/bin:/nix/store/bg1bhjsq967dzpkbbamzsrwzazc7r7y4-prybar-nodejs-0.0.0-24a859a/bin:/nix/store/mav4251if1ahjq5vkpwycyyvnmy459c4-pulseaudio-14.2/bin:/nix/store/2py1rvdx7y7fbi0yffw7dq2bacd15605-rfbproxy-0.0.0-b81eb2f/bin:/nix/store/ym92fvm2g4spfssz266w5vspnbqr7w6k-toml-editor-0.0.0-62d1f88/bin:/nix/store/6y6wm49s0gc6ibdm6h24xp7qrwkncagj-nix-editor-0.0.0-b0aab6f/bin:/nix/store/0b2bvviijkvq2nvm04dbq3lwlq7h742m-tigervnc-1.12.0/bin:/nix/store/7v07bmyfjq0jdnx6xwxlib05na8kksdf-xwininfo-1.1.4/bin:/nix/store/gfvyxpnr8ji58pdhy7ns4zqy57z34aqm-replbox/bin:/home/runner/.nix-profile/bin:/home/runner/.local/bin:/usr/local/sbin:/usr/local/bin:/usr/sbin:/usr/bin:/sbin:/bin:/sbin" ldconfig -n /home/runner/Pebsi/.bundle/ruby/2.7.0/gems/rbnacl-libsodium-1.0.16/vendor/libsodium/dist/lib
----------------------------------------------------------------------
Libraries have been installed in:
   /home/runner/Pebsi/.bundle/ruby/2.7.0/gems/rbnacl-libsodium-1.0.16/vendor/libsodium/dist/lib

If you ever happen to want to link against installed libraries
in a given directory, LIBDIR, you must either use libtool, and
specify the full pathname of the library, or use the '-LLIBDIR'
flag during linking and do at least one of the following:
   - add LIBDIR to the 'LD_LIBRARY_PATH' environment variable
     during execution
   - add LIBDIR to the 'LD_RUN_PATH' environment variable
     during linking
   - use the '-Wl,-rpath -Wl,LIBDIR' linker flag
   - have your system administrator add LIBDIR to '/etc/ld.so.conf'

See any operating system documentation about shared libraries for
more information, such as the ld(1) and ld.so(8) manual pages.
----------------------------------------------------------------------
make[4]: Nothing to be done for 'install-data-am'.
make[4]: Leaving directory '/home/runner/Pebsi/.bundle/ruby/2.7.0/gems/rbnacl-libsodium-1.0.16/vendor/libsodium/src/libsodium'
make[3]: Leaving directory '/home/runner/Pebsi/.bundle/ruby/2.7.0/gems/rbnacl-libsodium-1.0.16/vendor/libsodium/src/libsodium'
make[2]: Leaving directory '/home/runner/Pebsi/.bundle/ruby/2.7.0/gems/rbnacl-libsodium-1.0.16/vendor/libsodium/src/libsodium'
make[2]: Entering directory '/home/runner/Pebsi/.bundle/ruby/2.7.0/gems/rbnacl-libsodium-1.0.16/vendor/libsodium/src'
make[3]: Entering directory '/home/runner/Pebsi/.bundle/ruby/2.7.0/gems/rbnacl-libsodium-1.0.16/vendor/libsodium/src'
make[3]: Nothing to be done for 'install-exec-am'.
make[3]: Nothing to be done for 'install-data-am'.
make[3]: Leaving directory '/home/runner/Pebsi/.bundle/ruby/2.7.0/gems/rbnacl-libsodium-1.0.16/vendor/libsodium/src'
make[2]: Leaving directory '/home/runner/Pebsi/.bundle/ruby/2.7.0/gems/rbnacl-libsodium-1.0.16/vendor/libsodium/src'
make[1]: Leaving directory '/home/runner/Pebsi/.bundle/ruby/2.7.0/gems/rbnacl-libsodium-1.0.16/vendor/libsodium/src'
Making install in test
make[1]: Entering directory '/home/runner/Pebsi/.bundle/ruby/2.7.0/gems/rbnacl-libsodium-1.0.16/vendor/libsodium/test'
Making install in default
make[2]: Entering directory '/home/runner/Pebsi/.bundle/ruby/2.7.0/gems/rbnacl-libsodium-1.0.16/vendor/libsodium/test/default'
make[3]: Entering directory '/home/runner/Pebsi/.bundle/ruby/2.7.0/gems/rbnacl-libsodium-1.0.16/vendor/libsodium/test/default'
make[3]: Nothing to be done for 'install-exec-am'.
make[3]: Nothing to be done for 'install-data-am'.
make[3]: Leaving directory '/home/runner/Pebsi/.bundle/ruby/2.7.0/gems/rbnacl-libsodium-1.0.16/vendor/libsodium/test/default'
make[2]: Leaving directory '/home/runner/Pebsi/.bundle/ruby/2.7.0/gems/rbnacl-libsodium-1.0.16/vendor/libsodium/test/default'
make[2]: Entering directory '/home/runner/Pebsi/.bundle/ruby/2.7.0/gems/rbnacl-libsodium-1.0.16/vendor/libsodium/test'
make[3]: Entering directory '/home/runner/Pebsi/.bundle/ruby/2.7.0/gems/rbnacl-libsodium-1.0.16/vendor/libsodium/test'
make[3]: Nothing to be done for 'install-exec-am'.
make[3]: Nothing to be done for 'install-data-am'.
make[3]: Leaving directory '/home/runner/Pebsi/.bundle/ruby/2.7.0/gems/rbnacl-libsodium-1.0.16/vendor/libsodium/test'
make[2]: Leaving directory '/home/runner/Pebsi/.bundle/ruby/2.7.0/gems/rbnacl-libsodium-1.0.16/vendor/libsodium/test'
make[1]: Leaving directory '/home/runner/Pebsi/.bundle/ruby/2.7.0/gems/rbnacl-libsodium-1.0.16/vendor/libsodium/test'
make[1]: Entering directory '/home/runner/Pebsi/.bundle/ruby/2.7.0/gems/rbnacl-libsodium-1.0.16/vendor/libsodium'
make[2]: Entering directory '/home/runner/Pebsi/.bundle/ruby/2.7.0/gems/rbnacl-libsodium-1.0.16/vendor/libsodium'
make[2]: Nothing to be done for 'install-exec-am'.
 /nix/store/1570w56jrkvr90w9x158vyb5vahnk18v-coreutils-8.32/bin/mkdir -p '/home/runner/Pebsi/.bundle/ruby/2.7.0/gems/rbnacl-libsodium-1.0.16/vendor/libsodium/dist/lib/pkgconfig'
 /nix/store/1570w56jrkvr90w9x158vyb5vahnk18v-coreutils-8.32/bin/install -c -m 644 libsodium.pc '/home/runner/Pebsi/.bundle/ruby/2.7.0/gems/rbnacl-libsodium-1.0.16/vendor/libsodium/dist/lib/pkgconfig'
make[2]: Leaving directory '/home/runner/Pebsi/.bundle/ruby/2.7.0/gems/rbnacl-libsodium-1.0.16/vendor/libsodium'
make[1]: Leaving directory '/home/runner/Pebsi/.bundle/ruby/2.7.0/gems/rbnacl-libsodium-1.0.16/vendor/libsodium'

current directory: /home/runner/Pebsi/.bundle/ruby/2.7.0/gems/rbnacl-libsodium-1.0.16/ext/rbnacl
make DESTDIR\= clean
Nothing to do

current directory: /home/runner/Pebsi/.bundle/ruby/2.7.0/gems/rbnacl-libsodium-1.0.16/ext/rbnacl
make DESTDIR\=
Nothing to do

current directory: /home/runner/Pebsi/.bundle/ruby/2.7.0/gems/rbnacl-libsodium-1.0.16/ext/rbnacl
make DESTDIR\= install
Nothing to do
